2020-03-04 16:43:21.647 [main] DEBUG cn.yunhe.pageh.PagehApplication - Running with Spring Boot v2.1.6.RELEASE, Spring v5.1.8.RELEASE
2020-03-04 16:43:32.131 [http-nio-8080-exec-1] DEBUG cn.yunhe.pageh.mapper.UserMapper.findUserList - ==>  Preparing: select * from user 
2020-03-04 16:43:32.169 [http-nio-8080-exec-1] DEBUG cn.yunhe.pageh.mapper.UserMapper.findUserList - ==> Parameters: 
2020-03-04 16:43:32.222 [http-nio-8080-exec-1] DEBUG cn.yunhe.pageh.mapper.UserMapper.findUserList - <==      Total: 10
2020-03-04 16:43:32.263 [http-nio-8080-exec-1] DEBUG c.yunhe.pageh.mapper.UserMapper.findUserList_COUNT - ==>  Preparing: SELECT count(0) FROM user 
2020-03-04 16:43:32.264 [http-nio-8080-exec-1] DEBUG c.yunhe.pageh.mapper.UserMapper.findUserList_COUNT - ==> Parameters: 
2020-03-04 16:43:32.268 [http-nio-8080-exec-1] DEBUG c.yunhe.pageh.mapper.UserMapper.findUserList_COUNT - <==      Total: 1
2020-03-04 16:43:32.274 [http-nio-8080-exec-1] DEBUG cn.yunhe.pageh.mapper.UserMapper.findUserList - ==>  Preparing: select * from user LIMIT ?, ? 
2020-03-04 16:43:32.275 [http-nio-8080-exec-1] DEBUG cn.yunhe.pageh.mapper.UserMapper.findUserList - ==> Parameters: 3(Integer), 3(Integer)
2020-03-04 16:43:32.278 [http-nio-8080-exec-1] DEBUG cn.yunhe.pageh.mapper.UserMapper.findUserList - <==      Total: 3
2020-03-04 16:50:06.332 [main] DEBUG cn.yunhe.pageh.PagehApplication - Running with Spring Boot v2.1.6.RELEASE, Spring v5.1.8.RELEASE
2020-03-04 16:50:17.149 [http-nio-8080-exec-1] DEBUG cn.yunhe.pageh.mapper.UserMapper.findUserList - ==>  Preparing: select * from user 
2020-03-04 16:50:17.175 [http-nio-8080-exec-1] DEBUG cn.yunhe.pageh.mapper.UserMapper.findUserList - ==> Parameters: 
2020-03-04 16:50:17.205 [http-nio-8080-exec-1] DEBUG cn.yunhe.pageh.mapper.UserMapper.findUserList - <==      Total: 10
2020-03-04 16:50:17.229 [http-nio-8080-exec-1] DEBUG c.yunhe.pageh.mapper.UserMapper.findUserList_COUNT - ==>  Preparing: SELECT count(0) FROM user 
2020-03-04 16:50:17.229 [http-nio-8080-exec-1] DEBUG c.yunhe.pageh.mapper.UserMapper.findUserList_COUNT - ==> Parameters: 
2020-03-04 16:50:17.233 [http-nio-8080-exec-1] DEBUG c.yunhe.pageh.mapper.UserMapper.findUserList_COUNT - <==      Total: 1
2020-03-04 16:50:17.237 [http-nio-8080-exec-1] DEBUG cn.yunhe.pageh.mapper.UserMapper.findUserList - ==>  Preparing: select * from user LIMIT ?, ? 
2020-03-04 16:50:17.238 [http-nio-8080-exec-1] DEBUG cn.yunhe.pageh.mapper.UserMapper.findUserList - ==> Parameters: 3(Integer), 3(Integer)
2020-03-04 16:50:17.243 [http-nio-8080-exec-1] DEBUG cn.yunhe.pageh.mapper.UserMapper.findUserList - <==      Total: 3
2020-03-04 16:53:39.805 [main] DEBUG cn.yunhe.pageh.PagehApplication - Running with Spring Boot v2.1.6.RELEASE, Spring v5.1.8.RELEASE
2020-03-04 16:53:48.955 [http-nio-8080-exec-1] DEBUG cn.yunhe.pageh.mapper.UserMapper.findUserList - ==>  Preparing: select * from user 
2020-03-04 16:53:48.980 [http-nio-8080-exec-1] DEBUG cn.yunhe.pageh.mapper.UserMapper.findUserList - ==> Parameters: 
2020-03-04 16:53:49.017 [http-nio-8080-exec-1] DEBUG cn.yunhe.pageh.mapper.UserMapper.findUserList - <==      Total: 10
2020-03-04 16:53:49.041 [http-nio-8080-exec-1] DEBUG c.yunhe.pageh.mapper.UserMapper.findUserList_COUNT - ==>  Preparing: SELECT count(0) FROM user 
2020-03-04 16:53:49.042 [http-nio-8080-exec-1] DEBUG c.yunhe.pageh.mapper.UserMapper.findUserList_COUNT - ==> Parameters: 
2020-03-04 16:53:49.047 [http-nio-8080-exec-1] DEBUG c.yunhe.pageh.mapper.UserMapper.findUserList_COUNT - <==      Total: 1
2020-03-04 16:53:49.051 [http-nio-8080-exec-1] DEBUG cn.yunhe.pageh.mapper.UserMapper.findUserList - ==>  Preparing: select * from user LIMIT ?, ? 
2020-03-04 16:53:49.052 [http-nio-8080-exec-1] DEBUG cn.yunhe.pageh.mapper.UserMapper.findUserList - ==> Parameters: 3(Integer), 3(Integer)
2020-03-04 16:53:49.055 [http-nio-8080-exec-1] DEBUG cn.yunhe.pageh.mapper.UserMapper.findUserList - <==      Total: 3
