2020-03-04 16:43:21.647 [main] INFO  cn.yunhe.pageh.PagehApplication - Starting PagehApplication on WIN-1QPPGQMKA91 with PID 19288 (started by Administrator in E:\2020答辩\springbootpagehelperfen)
2020-03-04 16:43:21.647 [main] INFO  cn.yunhe.pageh.PagehApplication - No active profile set, falling back to default profiles: default
2020-03-04 16:43:23.072 [main] INFO  o.s.boot.web.embedded.tomcat.TomcatWebServer - Tomcat initialized with port(s): 8080 (http)
2020-03-04 16:43:23.087 [main] INFO  org.apache.coyote.http11.Http11NioProtocol - Initializing ProtocolHandler ["http-nio-8080"]
2020-03-04 16:43:23.087 [main] INFO  org.apache.catalina.core.StandardService - Starting service [Tomcat]
2020-03-04 16:43:23.087 [main] INFO  org.apache.catalina.core.StandardEngine - Starting Servlet engine: [Apache Tomcat/9.0.21]
2020-03-04 16:43:23.197 [main] INFO  o.a.c.core.ContainerBase.[Tomcat].[localhost].[/] - Initializing Spring embedded WebApplicationContext
2020-03-04 16:43:23.197 [main] INFO  org.springframework.web.context.ContextLoader - Root WebApplicationContext: initialization completed in 1470 ms
2020-03-04 16:43:23.390 [main] INFO  com.zaxxer.hikari.HikariDataSource - HikariPool-1 - Starting...
2020-03-04 16:43:23.529 [main] INFO  com.zaxxer.hikari.HikariDataSource - HikariPool-1 - Start completed.
2020-03-04 16:43:23.763 [main] INFO  o.s.scheduling.concurrent.ThreadPoolTaskExecutor - Initializing ExecutorService 'applicationTaskExecutor'
2020-03-04 16:43:24.106 [main] INFO  org.apache.coyote.http11.Http11NioProtocol - Starting ProtocolHandler ["http-nio-8080"]
2020-03-04 16:43:24.137 [main] INFO  o.s.boot.web.embedded.tomcat.TomcatWebServer - Tomcat started on port(s): 8080 (http) with context path ''
2020-03-04 16:43:24.137 [main] INFO  cn.yunhe.pageh.PagehApplication - Started PagehApplication in 3.248 seconds (JVM running for 4.698)
2020-03-04 16:43:32.026 [http-nio-8080-exec-1] INFO  o.a.c.core.ContainerBase.[Tomcat].[localhost].[/] - Initializing Spring DispatcherServlet 'dispatcherServlet'
2020-03-04 16:43:32.026 [http-nio-8080-exec-1] INFO  org.springframework.web.servlet.DispatcherServlet - Initializing Servlet 'dispatcherServlet'
2020-03-04 16:43:32.039 [http-nio-8080-exec-1] INFO  org.springframework.web.servlet.DispatcherServlet - Completed initialization in 12 ms
2020-03-04 16:50:06.327 [main] INFO  cn.yunhe.pageh.PagehApplication - Starting PagehApplication on WIN-1QPPGQMKA91 with PID 24840 (started by Administrator in E:\2020答辩\springbootpagehelperfen)
2020-03-04 16:50:06.333 [main] INFO  cn.yunhe.pageh.PagehApplication - No active profile set, falling back to default profiles: default
2020-03-04 16:50:07.996 [main] INFO  o.s.boot.web.embedded.tomcat.TomcatWebServer - Tomcat initialized with port(s): 8080 (http)
2020-03-04 16:50:08.012 [main] INFO  org.apache.coyote.http11.Http11NioProtocol - Initializing ProtocolHandler ["http-nio-8080"]
2020-03-04 16:50:08.027 [main] INFO  org.apache.catalina.core.StandardService - Starting service [Tomcat]
2020-03-04 16:50:08.027 [main] INFO  org.apache.catalina.core.StandardEngine - Starting Servlet engine: [Apache Tomcat/9.0.21]
2020-03-04 16:50:08.137 [main] INFO  o.a.c.core.ContainerBase.[Tomcat].[localhost].[/] - Initializing Spring embedded WebApplicationContext
2020-03-04 16:50:08.137 [main] INFO  org.springframework.web.context.ContextLoader - Root WebApplicationContext: initialization completed in 1721 ms
2020-03-04 16:50:08.324 [main] INFO  com.zaxxer.hikari.HikariDataSource - HikariPool-1 - Starting...
2020-03-04 16:50:08.481 [main] INFO  com.zaxxer.hikari.HikariDataSource - HikariPool-1 - Start completed.
2020-03-04 16:50:08.677 [main] INFO  o.s.scheduling.concurrent.ThreadPoolTaskExecutor - Initializing ExecutorService 'applicationTaskExecutor'
2020-03-04 16:50:09.010 [main] INFO  org.apache.coyote.http11.Http11NioProtocol - Starting ProtocolHandler ["http-nio-8080"]
2020-03-04 16:50:09.037 [main] INFO  o.s.boot.web.embedded.tomcat.TomcatWebServer - Tomcat started on port(s): 8080 (http) with context path ''
2020-03-04 16:50:09.037 [main] INFO  cn.yunhe.pageh.PagehApplication - Started PagehApplication in 3.541 seconds (JVM running for 4.998)
2020-03-04 16:50:17.077 [http-nio-8080-exec-1] INFO  o.a.c.core.ContainerBase.[Tomcat].[localhost].[/] - Initializing Spring DispatcherServlet 'dispatcherServlet'
2020-03-04 16:50:17.077 [http-nio-8080-exec-1] INFO  org.springframework.web.servlet.DispatcherServlet - Initializing Servlet 'dispatcherServlet'
2020-03-04 16:50:17.084 [http-nio-8080-exec-1] INFO  org.springframework.web.servlet.DispatcherServlet - Completed initialization in 7 ms
2020-03-04 16:53:39.801 [main] INFO  cn.yunhe.pageh.PagehApplication - Starting PagehApplication on WIN-1QPPGQMKA91 with PID 22224 (started by Administrator in E:\2020答辩\springbootpagehelperfen)
2020-03-04 16:53:39.806 [main] INFO  cn.yunhe.pageh.PagehApplication - No active profile set, falling back to default profiles: default
2020-03-04 16:53:41.224 [main] INFO  o.s.boot.web.embedded.tomcat.TomcatWebServer - Tomcat initialized with port(s): 8080 (http)
2020-03-04 16:53:41.224 [main] INFO  org.apache.coyote.http11.Http11NioProtocol - Initializing ProtocolHandler ["http-nio-8080"]
2020-03-04 16:53:41.240 [main] INFO  org.apache.catalina.core.StandardService - Starting service [Tomcat]
2020-03-04 16:53:41.240 [main] INFO  org.apache.catalina.core.StandardEngine - Starting Servlet engine: [Apache Tomcat/9.0.21]
2020-03-04 16:53:41.381 [main] INFO  o.a.c.core.ContainerBase.[Tomcat].[localhost].[/] - Initializing Spring embedded WebApplicationContext
2020-03-04 16:53:41.381 [main] INFO  org.springframework.web.context.ContextLoader - Root WebApplicationContext: initialization completed in 1472 ms
2020-03-04 16:53:41.606 [main] INFO  com.zaxxer.hikari.HikariDataSource - HikariPool-1 - Starting...
2020-03-04 16:53:41.807 [main] INFO  com.zaxxer.hikari.HikariDataSource - HikariPool-1 - Start completed.
2020-03-04 16:53:42.090 [main] INFO  o.s.scheduling.concurrent.ThreadPoolTaskExecutor - Initializing ExecutorService 'applicationTaskExecutor'
2020-03-04 16:53:42.504 [main] INFO  org.apache.coyote.http11.Http11NioProtocol - Starting ProtocolHandler ["http-nio-8080"]
2020-03-04 16:53:42.535 [main] INFO  o.s.boot.web.embedded.tomcat.TomcatWebServer - Tomcat started on port(s): 8080 (http) with context path ''
2020-03-04 16:53:42.535 [main] INFO  cn.yunhe.pageh.PagehApplication - Started PagehApplication in 3.896 seconds (JVM running for 5.371)
2020-03-04 16:53:48.877 [http-nio-8080-exec-1] INFO  o.a.c.core.ContainerBase.[Tomcat].[localhost].[/] - Initializing Spring DispatcherServlet 'dispatcherServlet'
2020-03-04 16:53:48.878 [http-nio-8080-exec-1] INFO  org.springframework.web.servlet.DispatcherServlet - Initializing Servlet 'dispatcherServlet'
2020-03-04 16:53:48.884 [http-nio-8080-exec-1] INFO  org.springframework.web.servlet.DispatcherServlet - Completed initialization in 6 ms
2020-03-04 16:55:10.368 [main] INFO  cn.yunhe.pageh.PagehApplication - Starting PagehApplication on WIN-1QPPGQMKA91 with PID 19572 (started by Administrator in E:\2020答辩\springbootpagehelperfen)
2020-03-04 16:55:10.375 [main] INFO  cn.yunhe.pageh.PagehApplication - No active profile set, falling back to default profiles: default
2020-03-04 16:55:11.950 [main] INFO  o.s.boot.web.embedded.tomcat.TomcatWebServer - Tomcat initialized with port(s): 8080 (http)
2020-03-04 16:55:11.964 [main] INFO  org.apache.coyote.http11.Http11NioProtocol - Initializing ProtocolHandler ["http-nio-8080"]
2020-03-04 16:55:11.964 [main] INFO  org.apache.catalina.core.StandardService - Starting service [Tomcat]
2020-03-04 16:55:11.964 [main] INFO  org.apache.catalina.core.StandardEngine - Starting Servlet engine: [Apache Tomcat/9.0.21]
2020-03-04 16:55:12.089 [main] INFO  o.a.c.core.ContainerBase.[Tomcat].[localhost].[/] - Initializing Spring embedded WebApplicationContext
2020-03-04 16:55:12.089 [main] INFO  org.springframework.web.context.ContextLoader - Root WebApplicationContext: initialization completed in 1560 ms
2020-03-04 16:55:12.258 [main] INFO  com.zaxxer.hikari.HikariDataSource - HikariPool-1 - Starting...
2020-03-04 16:55:12.386 [main] INFO  com.zaxxer.hikari.HikariDataSource - HikariPool-1 - Start completed.
2020-03-04 16:55:12.576 [main] INFO  o.s.scheduling.concurrent.ThreadPoolTaskExecutor - Initializing ExecutorService 'applicationTaskExecutor'
2020-03-04 16:55:12.980 [main] INFO  org.apache.coyote.http11.Http11NioProtocol - Starting ProtocolHandler ["http-nio-8080"]
2020-03-04 16:55:13.011 [main] INFO  o.s.boot.web.embedded.tomcat.TomcatWebServer - Tomcat started on port(s): 8080 (http) with context path ''
2020-03-04 16:55:13.011 [main] INFO  cn.yunhe.pageh.PagehApplication - Started PagehApplication in 3.414 seconds (JVM running for 4.951)
2020-03-04 16:55:18.887 [http-nio-8080-exec-1] INFO  o.a.c.core.ContainerBase.[Tomcat].[localhost].[/] - Initializing Spring DispatcherServlet 'dispatcherServlet'
2020-03-04 16:55:18.888 [http-nio-8080-exec-1] INFO  org.springframework.web.servlet.DispatcherServlet - Initializing Servlet 'dispatcherServlet'
2020-03-04 16:55:18.897 [http-nio-8080-exec-1] INFO  org.springframework.web.servlet.DispatcherServlet - Completed initialization in 9 ms
2020-03-04 16:57:58.622 [main] INFO  cn.yunhe.pageh.PagehApplication - Starting PagehApplication on WIN-1QPPGQMKA91 with PID 24904 (started by Administrator in E:\2020答辩\springbootpagehelperfen)
2020-03-04 16:57:58.638 [main] INFO  cn.yunhe.pageh.PagehApplication - No active profile set, falling back to default profiles: default
2020-03-04 16:58:00.513 [main] INFO  o.s.boot.web.embedded.tomcat.TomcatWebServer - Tomcat initialized with port(s): 8080 (http)
2020-03-04 16:58:00.528 [main] INFO  org.apache.coyote.http11.Http11NioProtocol - Initializing ProtocolHandler ["http-nio-8080"]
2020-03-04 16:58:00.544 [main] INFO  org.apache.catalina.core.StandardService - Starting service [Tomcat]
2020-03-04 16:58:00.544 [main] INFO  org.apache.catalina.core.StandardEngine - Starting Servlet engine: [Apache Tomcat/9.0.21]
2020-03-04 16:58:00.808 [main] INFO  o.a.c.core.ContainerBase.[Tomcat].[localhost].[/] - Initializing Spring embedded WebApplicationContext
2020-03-04 16:58:00.808 [main] INFO  org.springframework.web.context.ContextLoader - Root WebApplicationContext: initialization completed in 1943 ms
2020-03-04 16:58:00.981 [main] INFO  com.zaxxer.hikari.HikariDataSource - HikariPool-1 - Starting...
2020-03-04 16:58:01.106 [main] INFO  com.zaxxer.hikari.HikariDataSource - HikariPool-1 - Start completed.
2020-03-04 16:58:01.411 [main] INFO  o.s.scheduling.concurrent.ThreadPoolTaskExecutor - Initializing ExecutorService 'applicationTaskExecutor'
2020-03-04 16:58:01.776 [main] INFO  org.apache.coyote.http11.Http11NioProtocol - Starting ProtocolHandler ["http-nio-8080"]
2020-03-04 16:58:01.801 [main] INFO  o.s.boot.web.embedded.tomcat.TomcatWebServer - Tomcat started on port(s): 8080 (http) with context path ''
2020-03-04 16:58:01.804 [main] INFO  cn.yunhe.pageh.PagehApplication - Started PagehApplication in 4.413 seconds (JVM running for 5.803)
2020-03-04 16:58:07.650 [http-nio-8080-exec-1] INFO  o.a.c.core.ContainerBase.[Tomcat].[localhost].[/] - Initializing Spring DispatcherServlet 'dispatcherServlet'
2020-03-04 16:58:07.651 [http-nio-8080-exec-1] INFO  org.springframework.web.servlet.DispatcherServlet - Initializing Servlet 'dispatcherServlet'
2020-03-04 16:58:07.661 [http-nio-8080-exec-1] INFO  org.springframework.web.servlet.DispatcherServlet - Completed initialization in 10 ms
